  [1m[35m (513.6ms)[0m  [1m[35mCREATE DATABASE "URLShortener_development" ENCODING = 'unicode'[0m
  ↳ /Users/yenertuz/.rbenv/versions/2.5.3/bin/rake:23
  [1m[35m (257.4ms)[0m  [1m[35mCREATE DATABASE "URLShortener" ENCODING = 'unicode'[0m
  ↳ /Users/yenertuz/.rbenv/versions/2.5.3/bin/rake:23
  [1m[35m (44.6ms)[0m  [1m[35mCREATE TABLE "schema_migrations" ("version" character varying NOT NULL PRIMARY KEY)[0m
  ↳ /Users/yenertuz/.rbenv/versions/2.5.3/bin/rake:23
  [1m[35m (4.7ms)[0m  [1m[35mCREATE TABLE "ar_internal_metadata" ("key" character varying NOT NULL PRIMARY KEY, "value" character varying, "created_at" timestamp NOT NULL, "updated_at" timestamp NOT NULL)[0m
  ↳ /Users/yenertuz/.rbenv/versions/2.5.3/bin/rake:23
  [1m[35m (0.9ms)[0m  [1m[34mSELECT pg_try_advisory_lock(4762635147840476445)[0m
  ↳ /Users/yenertuz/.rbenv/versions/2.5.3/bin/rake:23
  [1m[35m (1.5ms)[0m  [1m[34mSELECT "schema_migrations"."version" FROM "schema_migrations" ORDER BY "schema_migrations"."version" ASC[0m
  ↳ /Users/yenertuz/.rbenv/versions/2.5.3/bin/rake:23
Migrating to CreateUsers (20190107011257)
  [1m[35m (0.2ms)[0m  [1m[35mBEGIN[0m
  ↳ /Users/yenertuz/.rbenv/versions/2.5.3/bin/rake:23
  [1m[35m (5.8ms)[0m  [1m[35mCREATE TABLE "users" ("id" bigserial primary key)[0m
  ↳ db/migrate/20190107011257_create_users.rb:3
  [1m[36mActiveRecord::SchemaMigration Create (0.5ms)[0m  [1m[32mINSERT INTO "schema_migrations" ("version") VALUES ($1) RETURNING "version"[0m  [["version", "20190107011257"]]
  ↳ /Users/yenertuz/.rbenv/versions/2.5.3/bin/rake:23
  [1m[35m (0.5ms)[0m  [1m[35mCOMMIT[0m
  ↳ /Users/yenertuz/.rbenv/versions/2.5.3/bin/rake:23
  [1m[36mActiveRecord::InternalMetadata Load (0.5ms)[0m  [1m[34mSELECT  "ar_internal_metadata".* FROM "ar_internal_metadata" WHERE "ar_internal_metadata"."key" = $1 LIMIT $2[0m  [["key", "environment"], ["LIMIT", 1]]
  ↳ /Users/yenertuz/.rbenv/versions/2.5.3/bin/rake:23
  [1m[35m (0.1ms)[0m  [1m[35mBEGIN[0m
  ↳ /Users/yenertuz/.rbenv/versions/2.5.3/bin/rake:23
  [1m[36mActiveRecord::InternalMetadata Create (0.4ms)[0m  [1m[32mINSERT INTO "ar_internal_metadata" ("key", "value", "created_at", "updated_at") VALUES ($1, $2, $3, $4) RETURNING "key"[0m  [["key", "environment"], ["value", "development"], ["created_at", "2019-01-07 01:15:19.597000"], ["updated_at", "2019-01-07 01:15:19.597000"]]
  ↳ /Users/yenertuz/.rbenv/versions/2.5.3/bin/rake:23
  [1m[35m (0.3ms)[0m  [1m[35mCOMMIT[0m
  ↳ /Users/yenertuz/.rbenv/versions/2.5.3/bin/rake:23
  [1m[35m (0.2ms)[0m  [1m[34mSELECT pg_advisory_unlock(4762635147840476445)[0m
  ↳ /Users/yenertuz/.rbenv/versions/2.5.3/bin/rake:23
  [1m[35m (0.3ms)[0m  [1m[34mSELECT "schema_migrations"."version" FROM "schema_migrations" ORDER BY "schema_migrations"."version" ASC[0m
  ↳ /Users/yenertuz/.rbenv/versions/2.5.3/bin/rake:23
  [1m[35m (0.6ms)[0m  [1m[34mSELECT "schema_migrations"."version" FROM "schema_migrations" ORDER BY "schema_migrations"."version" ASC[0m
  ↳ /Users/yenertuz/.rbenv/versions/2.5.3/bin/rake:23
  [1m[35m (0.2ms)[0m  [1m[34mSELECT "schema_migrations"."version" FROM "schema_migrations" ORDER BY "schema_migrations"."version" ASC[0m
  ↳ /Users/yenertuz/.rbenv/versions/2.5.3/bin/rake:23
  [1m[35m (0.3ms)[0m  [1m[34mSELECT "schema_migrations"."version" FROM "schema_migrations" ORDER BY "schema_migrations"."version" ASC[0m
  ↳ /Users/yenertuz/.rbenv/versions/2.5.3/bin/rake:23
  [1m[35m (0.2ms)[0m  [1m[34mSELECT pg_try_advisory_lock(4762635147840476445)[0m
  ↳ /Users/yenertuz/.rbenv/versions/2.5.3/bin/rake:23
  [1m[35m (0.2ms)[0m  [1m[34mSELECT "schema_migrations"."version" FROM "schema_migrations" ORDER BY "schema_migrations"."version" ASC[0m
  ↳ /Users/yenertuz/.rbenv/versions/2.5.3/bin/rake:23
Migrating to CreateUsers (20190107011257)
  [1m[35m (0.1ms)[0m  [1m[35mBEGIN[0m
  ↳ /Users/yenertuz/.rbenv/versions/2.5.3/bin/rake:23
  [1m[35m (18.4ms)[0m  [1m[35mDROP TABLE "users"[0m
  ↳ /Users/yenertuz/.rbenv/versions/2.5.3/bin/rake:23
  [1m[36mActiveRecord::SchemaMigration Destroy (0.8ms)[0m  [1m[31mDELETE FROM "schema_migrations" WHERE "schema_migrations"."version" = $1[0m  [["version", "20190107011257"]]
  ↳ /Users/yenertuz/.rbenv/versions/2.5.3/bin/rake:23
  [1m[35m (1.5ms)[0m  [1m[35mCOMMIT[0m
  ↳ /Users/yenertuz/.rbenv/versions/2.5.3/bin/rake:23
  [1m[35m (0.3ms)[0m  [1m[34mSELECT pg_advisory_unlock(4762635147840476445)[0m
  ↳ /Users/yenertuz/.rbenv/versions/2.5.3/bin/rake:23
  [1m[35m (0.2ms)[0m  [1m[34mSELECT "schema_migrations"."version" FROM "schema_migrations" ORDER BY "schema_migrations"."version" ASC[0m
  ↳ /Users/yenertuz/.rbenv/versions/2.5.3/bin/rake:23
  [1m[35m (0.2ms)[0m  [1m[34mSELECT pg_try_advisory_lock(4762635147840476445)[0m
  ↳ /Users/yenertuz/.rbenv/versions/2.5.3/bin/rake:23
  [1m[35m (0.8ms)[0m  [1m[34mSELECT "schema_migrations"."version" FROM "schema_migrations" ORDER BY "schema_migrations"."version" ASC[0m
  ↳ /Users/yenertuz/.rbenv/versions/2.5.3/bin/rake:23
Migrating to CreateUsers (20190107011257)
  [1m[35m (0.2ms)[0m  [1m[34mSELECT pg_advisory_unlock(4762635147840476445)[0m
  ↳ /Users/yenertuz/.rbenv/versions/2.5.3/bin/rake:23
  [1m[35m (0.2ms)[0m  [1m[34mSELECT pg_try_advisory_lock(4762635147840476445)[0m
  ↳ bin/rails:9
  [1m[35m (0.6ms)[0m  [1m[34mSELECT "schema_migrations"."version" FROM "schema_migrations" ORDER BY "schema_migrations"."version" ASC[0m
  ↳ bin/rails:9
Migrating to CreateUsers (20190107011257)
  [1m[35m (0.2ms)[0m  [1m[35mBEGIN[0m
  ↳ bin/rails:9
  [1m[35m (7.2ms)[0m  [1m[35mCREATE TABLE "users" ("id" bigserial primary key, "created_at" timestamp NOT NULL, "updated_at" timestamp NOT NULL, "email" character varying, "#<ActiveRecord::ConnectionAdapters::PostgreSQL::TableDefinition:0x00007f8b41fec238>" character varying)[0m
  ↳ db/migrate/20190107011257_create_users.rb:3
  [1m[35m (1.8ms)[0m  [1m[31mROLLBACK[0m
  ↳ bin/rails:9
  [1m[35m (0.3ms)[0m  [1m[34mSELECT pg_advisory_unlock(4762635147840476445)[0m
  ↳ bin/rails:9
  [1m[35m (0.2ms)[0m  [1m[34mSELECT pg_try_advisory_lock(4762635147840476445)[0m
  ↳ /Users/yenertuz/.rbenv/versions/2.5.3/bin/rake:23
  [1m[35m (0.6ms)[0m  [1m[34mSELECT "schema_migrations"."version" FROM "schema_migrations" ORDER BY "schema_migrations"."version" ASC[0m
  ↳ /Users/yenertuz/.rbenv/versions/2.5.3/bin/rake:23
Migrating to CreateUsers (20190107011257)
  [1m[35m (0.1ms)[0m  [1m[35mBEGIN[0m
  ↳ /Users/yenertuz/.rbenv/versions/2.5.3/bin/rake:23
  [1m[35m (5.8ms)[0m  [1m[35mCREATE TABLE "users" ("id" bigserial primary key, "created_at" timestamp NOT NULL, "updated_at" timestamp NOT NULL, "email" character varying, "#<ActiveRecord::ConnectionAdapters::PostgreSQL::TableDefinition:0x00007f9c6c42a418>" character varying)[0m
  ↳ db/migrate/20190107011257_create_users.rb:3
  [1m[35m (4.5ms)[0m  [1m[35mCREATE  INDEX  "index_email_index_on_email" ON "email_index"  ("email")[0m
  ↳ db/migrate/20190107011257_create_users.rb:8
  [1m[35m (0.1ms)[0m  [1m[31mROLLBACK[0m
  ↳ /Users/yenertuz/.rbenv/versions/2.5.3/bin/rake:23
  [1m[35m (0.3ms)[0m  [1m[34mSELECT pg_advisory_unlock(4762635147840476445)[0m
  ↳ /Users/yenertuz/.rbenv/versions/2.5.3/bin/rake:23
  [1m[35m (0.2ms)[0m  [1m[34mSELECT pg_try_advisory_lock(4762635147840476445)[0m
  ↳ /Users/yenertuz/.rbenv/versions/2.5.3/bin/rake:23
  [1m[35m (0.6ms)[0m  [1m[34mSELECT "schema_migrations"."version" FROM "schema_migrations" ORDER BY "schema_migrations"."version" ASC[0m
  ↳ /Users/yenertuz/.rbenv/versions/2.5.3/bin/rake:23
Migrating to CreateUsers (20190107011257)
  [1m[35m (0.1ms)[0m  [1m[35mBEGIN[0m
  ↳ /Users/yenertuz/.rbenv/versions/2.5.3/bin/rake:23
  [1m[35m (5.4ms)[0m  [1m[35mCREATE TABLE "users" ("id" bigserial primary key, "created_at" timestamp NOT NULL, "updated_at" timestamp NOT NULL, "email" character varying, "#<ActiveRecord::ConnectionAdapters::PostgreSQL::TableDefinition:0x00007fbce0bf1ef0>" character varying)[0m
  ↳ db/migrate/20190107011257_create_users.rb:3
  [1m[35m (1.0ms)[0m  [1m[35mCREATE  INDEX  "index_users_on_email" ON "users"  ("email")[0m
  ↳ db/migrate/20190107011257_create_users.rb:8
  [1m[36mActiveRecord::SchemaMigration Create (0.5ms)[0m  [1m[32mINSERT INTO "schema_migrations" ("version") VALUES ($1) RETURNING "version"[0m  [["version", "20190107011257"]]
  ↳ /Users/yenertuz/.rbenv/versions/2.5.3/bin/rake:23
  [1m[35m (0.7ms)[0m  [1m[35mCOMMIT[0m
  ↳ /Users/yenertuz/.rbenv/versions/2.5.3/bin/rake:23
  [1m[36mActiveRecord::InternalMetadata Load (0.5ms)[0m  [1m[34mSELECT  "ar_internal_metadata".* FROM "ar_internal_metadata" WHERE "ar_internal_metadata"."key" = $1 LIMIT $2[0m  [["key", "environment"], ["LIMIT", 1]]
  ↳ /Users/yenertuz/.rbenv/versions/2.5.3/bin/rake:23
  [1m[35m (0.1ms)[0m  [1m[35mBEGIN[0m
  ↳ /Users/yenertuz/.rbenv/versions/2.5.3/bin/rake:23
  [1m[35m (0.1ms)[0m  [1m[35mCOMMIT[0m
  ↳ /Users/yenertuz/.rbenv/versions/2.5.3/bin/rake:23
  [1m[35m (0.2ms)[0m  [1m[34mSELECT pg_advisory_unlock(4762635147840476445)[0m
  ↳ /Users/yenertuz/.rbenv/versions/2.5.3/bin/rake:23
  [1m[35m (0.2ms)[0m  [1m[34mSELECT "schema_migrations"."version" FROM "schema_migrations" ORDER BY "schema_migrations"."version" ASC[0m
  ↳ /Users/yenertuz/.rbenv/versions/2.5.3/bin/rake:23
  [1m[35m (0.3ms)[0m  [1m[35mBEGIN[0m
  [1m[36mUser Exists (2.9ms)[0m  [1m[34mSELECT  1 AS one FROM "users" WHERE "users"."email" = $1 LIMIT $2[0m  [["email", "yenertuz@hotmail.com"], ["LIMIT", 1]]
  [1m[36mUser Create (1.6ms)[0m  [1m[32mINSERT INTO "users" ("created_at", "updated_at", "email") VALUES ($1, $2, $3) RETURNING "id"[0m  [["created_at", "2019-01-07 01:26:22.316134"], ["updated_at", "2019-01-07 01:26:22.316134"], ["email", "yenertuz@hotmail.com"]]
  [1m[35m (0.6ms)[0m  [1m[35mCOMMIT[0m
  [1m[36mUser Load (0.4ms)[0m  [1m[34mSELECT "users".* FROM "users"[0m
